<?xml version="1.0" encoding="UTF-8"?>
<!-- Generated by org.testng.reporters.JUnitXMLReporter -->
<testsuite ignored="2" hostname="revathis-mbp.lan" failures="0" tests="1" name="Default test" time="43.972" errors="0" timestamp="2023-11-04T10:12:53 CDT">
  <testcase classname="com.automation.tests.scripts.Opportunity" name="opportunity_createnew" time="35.671"/>
  <testcase classname="com.automation.tests.scripts.Opportunity" name="login_to_salesforce" time="0.0">
    <ignored/>
  </testcase> <!-- login_to_salesforce -->
  <testcase classname="com.automation.tests.scripts.Opportunity" name="opportunity_validatedropdown" time="0.0">
    <ignored/>
  </testcase> <!-- opportunity_validatedropdown -->
</testsuite> <!-- Default test -->
