<?xml version="1.0" encoding="UTF-8"?>
<!-- Generated by org.testng.reporters.JUnitXMLReporter -->
<testsuite ignored="6" hostname="revathis-mbp.lan" failures="0" tests="1" name="Default test" time="29.741" errors="0" timestamp="2023-11-13T11:48:45 CST">
  <testcase classname="com.automation.tests.scripts.Leads" name="invalid_login_to_salesforce" time="19.952"/>
  <testcase classname="com.automation.tests.scripts.Leads" name="leadspage_defaultview" time="0.0">
    <ignored/>
  </testcase> <!-- leadspage_defaultview -->
  <testcase classname="com.automation.tests.scripts.Leads" name="login_to_leadspage" time="0.0">
    <ignored/>
  </testcase> <!-- login_to_leadspage -->
  <testcase classname="com.automation.tests.scripts.Leads" name="login_to_salesforce" time="0.0">
    <ignored/>
  </testcase> <!-- login_to_salesforce -->
  <testcase classname="com.automation.tests.scripts.Leads" name="leadspage_validateviewmenu" time="0.0">
    <ignored/>
  </testcase> <!-- leadspage_validateviewmenu -->
  <testcase classname="com.automation.tests.scripts.Leads" name="leadspage_selectnew" time="0.0">
    <ignored/>
  </testcase> <!-- leadspage_selectnew -->
  <testcase classname="com.automation.tests.scripts.Leads" name="leadspage_selecttodaylead" time="0.0">
    <ignored/>
  </testcase> <!-- leadspage_selecttodaylead -->
</testsuite> <!-- Default test -->
