<?xml version="1.0" encoding="UTF-8"?>
<testng-results ignored="0" total="1" passed="1" failed="0" skipped="0">
  <reporter-output>
  </reporter-output>
  <suite started-at="2023-11-04T10:12:09 CDT" name="Default suite" finished-at="2023-11-04T10:12:53 CDT" duration-ms="43972">
    <groups>
    </groups>
    <test started-at="2023-11-04T10:12:09 CDT" name="Default test" finished-at="2023-11-04T10:12:53 CDT" duration-ms="43972">
      <class name="com.automation.tests.scripts.Opportunity">
        <test-method is-config="true" signature="setUpBeforeTestMethod(java.lang.String)[pri:0, instance:com.automation.tests.scripts.Opportunity@5677323c]" started-at="2023-11-04T10:12:10 CDT" name="setUpBeforeTestMethod" finished-at="2023-11-04T10:12:18 CDT" duration-ms="8239" status="PASS">
          <params>
            <param index="0">
              <value>
                <![CDATA[chrome]]>
              </value>
            </param>
          </params>
          <reporter-output>
          </reporter-output>
        </test-method> <!-- setUpBeforeTestMethod -->
        <test-method signature="opportunity_createnew()[pri:0, instance:com.automation.tests.scripts.Opportunity@5677323c]" started-at="2023-11-04T10:12:18 CDT" name="opportunity_createnew" finished-at="2023-11-04T10:12:53 CDT" duration-ms="35671" status="PASS">
          <reporter-output>
          </reporter-output>
        </test-method> <!-- opportunity_createnew -->
        <test-method is-config="true" signature="tearDownAfterTestMethod()[pri:0, instance:com.automation.tests.scripts.Opportunity@5677323c]" started-at="2023-11-04T10:12:53 CDT" name="tearDownAfterTestMethod" finished-at="2023-11-04T10:12:53 CDT" duration-ms="1" status="PASS">
          <reporter-output>
          </reporter-output>
        </test-method> <!-- tearDownAfterTestMethod -->
      </class> <!-- com.automation.tests.scripts.Opportunity -->
    </test> <!-- Default test -->
  </suite> <!-- Default suite -->
</testng-results>
